{"C:\\Users\\Usuario\\Desktop\\ISDICoders\\ProyectoFinal\\Inigo-Panos_Front-Final-Project-202201-MAD\\src\\App.vue": {"path":"C:\\Users\\Usuario\\Desktop\\ISDICoders\\ProyectoFinal\\Inigo-Panos_Front-Final-Project-202201-MAD\\src\\App.vue","statementMap":{"0":{"start":{"line":16,"column":15},"end":{"line":16,"column":null}},"1":{"start":{"line":18,"column":4},"end":{"line":18,"column":11}},"2":{"start":{"line":24,"column":17},"end":{"line":24,"column":29}},"3":{"start":{"line":25,"column":4},"end":{"line":25,"column":11}},"4":{"start":{"line":26,"column":4},"end":{"line":26,"column":10}},"5":{"start":{"line":27,"column":4},"end":{"line":27,"column":11}}},"fnMap":{"0":{"name":"(anonymous_0)","decl":{"start":{"line":17,"column":2},"end":{"line":17,"column":6}},"loc":{"start":{"line":17,"column":9},"end":{"line":21,"column":null}}},"1":{"name":"(anonymous_1)","decl":{"start":{"line":23,"column":2},"end":{"line":23,"column":9}},"loc":{"start":{"line":23,"column":12},"end":{"line":28,"column":null}}}},"branchMap":{},"s":{"0":0,"1":0,"2":0,"3":0,"4":0,"5":0},"f":{"0":0,"1":0},"b":{}}
,"C:\\Users\\Usuario\\Desktop\\ISDICoders\\ProyectoFinal\\Inigo-Panos_Front-Final-Project-202201-MAD\\src\\registerServiceWorker.ts": {"path":"C:\\Users\\Usuario\\Desktop\\ISDICoders\\ProyectoFinal\\Inigo-Panos_Front-Final-Project-202201-MAD\\src\\registerServiceWorker.ts","statementMap":{"0":{"start":{"line":3,"column":0},"end":{"line":3,"column":null}},"1":{"start":{"line":5,"column":0},"end":{"line":32,"column":null}},"2":{"start":{"line":6,"column":2},"end":{"line":6,"column":11}},"3":{"start":{"line":8,"column":6},"end":{"line":8,"column":13}},"4":{"start":{"line":14,"column":6},"end":{"line":14,"column":13}},"5":{"start":{"line":17,"column":6},"end":{"line":17,"column":13}},"6":{"start":{"line":20,"column":6},"end":{"line":20,"column":13}},"7":{"start":{"line":23,"column":6},"end":{"line":23,"column":13}},"8":{"start":{"line":26,"column":6},"end":{"line":26,"column":13}},"9":{"start":{"line":29,"column":6},"end":{"line":29,"column":13}}},"fnMap":{"0":{"name":"(anonymous_0)","decl":{"start":{"line":7,"column":4},"end":{"line":7,"column":9}},"loc":{"start":{"line":7,"column":9},"end":{"line":12,"column":null}}},"1":{"name":"(anonymous_1)","decl":{"start":{"line":13,"column":4},"end":{"line":13,"column":14}},"loc":{"start":{"line":13,"column":14},"end":{"line":15,"column":null}}},"2":{"name":"(anonymous_2)","decl":{"start":{"line":16,"column":4},"end":{"line":16,"column":10}},"loc":{"start":{"line":16,"column":10},"end":{"line":18,"column":null}}},"3":{"name":"(anonymous_3)","decl":{"start":{"line":19,"column":4},"end":{"line":19,"column":15}},"loc":{"start":{"line":19,"column":15},"end":{"line":21,"column":null}}},"4":{"name":"(anonymous_4)","decl":{"start":{"line":22,"column":4},"end":{"line":22,"column":11}},"loc":{"start":{"line":22,"column":11},"end":{"line":24,"column":null}}},"5":{"name":"(anonymous_5)","decl":{"start":{"line":25,"column":4},"end":{"line":25,"column":11}},"loc":{"start":{"line":25,"column":11},"end":{"line":27,"column":null}}},"6":{"name":"(anonymous_6)","decl":{"start":{"line":28,"column":4},"end":{"line":28,"column":9}},"loc":{"start":{"line":28,"column":15},"end":{"line":30,"column":null}}}},"branchMap":{"0":{"loc":{"start":{"line":5,"column":0},"end":{"line":32,"column":null}},"type":"if","locations":[{"start":{"line":5,"column":0},"end":{"line":32,"column":null}}]}},"s":{"0":0,"1":0,"2":0,"3":0,"4":0,"5":0,"6":0,"7":0,"8":0,"9":0},"f":{"0":0,"1":0,"2":0,"3":0,"4":0,"5":0,"6":0},"b":{"0":[0]}}
,"C:\\Users\\Usuario\\Desktop\\ISDICoders\\ProyectoFinal\\Inigo-Panos_Front-Final-Project-202201-MAD\\src\\_helpers\\auth.header.ts": {"path":"C:\\Users\\Usuario\\Desktop\\ISDICoders\\ProyectoFinal\\Inigo-Panos_Front-Final-Project-202201-MAD\\src\\_helpers\\auth.header.ts","statementMap":{"0":{"start":{"line":3,"column":15},"end":{"line":3,"column":19}},"1":{"start":{"line":4,"column":2},"end":{"line":4,"column":9}},"2":{"start":{"line":6,"column":2},"end":{"line":8,"column":null}},"3":{"start":{"line":7,"column":4},"end":{"line":7,"column":11}},"4":{"start":{"line":10,"column":2},"end":{"line":10,"column":9}},"5":{"start":{"line":1,"column":0},"end":{"line":1,"column":16}}},"fnMap":{"0":{"name":"authHeader","decl":{"start":{"line":1,"column":16},"end":{"line":1,"column":26}},"loc":{"start":{"line":1,"column":26},"end":{"line":11,"column":null}}}},"branchMap":{"0":{"loc":{"start":{"line":6,"column":2},"end":{"line":8,"column":null}},"type":"if","locations":[{"start":{"line":6,"column":2},"end":{"line":8,"column":null}}]},"1":{"loc":{"start":{"line":6,"column":6},"end":{"line":6,"column":26}},"type":"binary-expr","locations":[{"start":{"line":6,"column":6},"end":{"line":6,"column":10}},{"start":{"line":6,"column":14},"end":{"line":6,"column":26}}]}},"s":{"0":0,"1":0,"2":0,"3":0,"4":0,"5":0},"f":{"0":0},"b":{"0":[0],"1":[0,0]}}
,"C:\\Users\\Usuario\\Desktop\\ISDICoders\\ProyectoFinal\\Inigo-Panos_Front-Final-Project-202201-MAD\\src\\components\\CreateRuin.vue": {"path":"C:\\Users\\Usuario\\Desktop\\ISDICoders\\ProyectoFinal\\Inigo-Panos_Front-Final-Project-202201-MAD\\src\\components\\CreateRuin.vue","statementMap":{"0":{"start":{"line":55,"column":0},"end":{"line":55,"column":null}},"1":{"start":{"line":56,"column":0},"end":{"line":56,"column":null}},"2":{"start":{"line":58,"column":0},"end":{"line":58,"column":15}},"3":{"start":{"line":61,"column":4},"end":{"line":61,"column":11}},"4":{"start":{"line":78,"column":6},"end":{"line":78,"column":13}},"5":{"start":{"line":80,"column":6},"end":{"line":88,"column":null}},"6":{"start":{"line":84,"column":8},"end":{"line":84,"column":13}},"7":{"start":{"line":85,"column":8},"end":{"line":85,"column":15}},"8":{"start":{"line":87,"column":8},"end":{"line":87,"column":15}}},"fnMap":{"0":{"name":"(anonymous_2)","decl":{"start":{"line":60,"column":6},"end":{"line":60,"column":null}},"loc":{"start":{"line":60,"column":6},"end":{"line":72,"column":null}}},"1":{"name":"(anonymous_3)","decl":{"start":{"line":76,"column":16},"end":{"line":76,"column":null}},"loc":{"start":{"line":76,"column":16},"end":{"line":89,"column":null}}}},"branchMap":{"0":{"loc":{"start":{"line":80,"column":6},"end":{"line":88,"column":null}},"type":"if","locations":[{"start":{"line":80,"column":6},"end":{"line":88,"column":null}},{"start":{"line":86,"column":13},"end":{"line":88,"column":null}}]},"1":{"loc":{"start":{"line":81,"column":9},"end":{"line":81,"column":null}},"type":"binary-expr","locations":[{"start":{"line":81,"column":9},"end":{"line":81,"column":27}},{"start":{"line":81,"column":27},"end":{"line":81,"column":49}},{"start":{"line":81,"column":49},"end":{"line":81,"column":74}},{"start":{"line":81,"column":74},"end":{"line":81,"column":null}}]}},"s":{"0":1,"1":1,"2":1,"3":0,"4":0,"5":0,"6":0,"7":0,"8":0},"f":{"0":0,"1":0},"b":{"0":[0,0],"1":[0,0,0,0]}}
,"C:\\Users\\Usuario\\Desktop\\ISDICoders\\ProyectoFinal\\Inigo-Panos_Front-Final-Project-202201-MAD\\src\\components\\HelloWorld.vue": {"path":"C:\\Users\\Usuario\\Desktop\\ISDICoders\\ProyectoFinal\\Inigo-Panos_Front-Final-Project-202201-MAD\\src\\components\\HelloWorld.vue","statementMap":{"0":{"start":{"line":40,"column":0},"end":{"line":40,"column":null}},"1":{"start":{"line":42,"column":0},"end":{"line":42,"column":15}}},"fnMap":{},"branchMap":{},"s":{"0":2,"1":2},"f":{},"b":{}}
,"C:\\Users\\Usuario\\Desktop\\ISDICoders\\ProyectoFinal\\Inigo-Panos_Front-Final-Project-202201-MAD\\src\\components\\Login.vue": {"path":"C:\\Users\\Usuario\\Desktop\\ISDICoders\\ProyectoFinal\\Inigo-Panos_Front-Final-Project-202201-MAD\\src\\components\\Login.vue","statementMap":{"0":{"start":{"line":42,"column":0},"end":{"line":42,"column":null}},"1":{"start":{"line":43,"column":0},"end":{"line":43,"column":null}},"2":{"start":{"line":45,"column":0},"end":{"line":45,"column":15}},"3":{"start":{"line":48,"column":4},"end":{"line":48,"column":11}},"4":{"start":{"line":59,"column":4},"end":{"line":59,"column":9}},"5":{"start":{"line":60,"column":15},"end":{"line":60,"column":27}},"6":{"start":{"line":61,"column":4},"end":{"line":61,"column":16}},"7":{"start":{"line":62,"column":4},"end":{"line":62,"column":9}},"8":{"start":{"line":64,"column":4},"end":{"line":64,"column":11}},"9":{"start":{"line":69,"column":6},"end":{"line":69,"column":11}},"10":{"start":{"line":70,"column":37},"end":{"line":70,"column":null}},"11":{"start":{"line":70,"column":22},"end":{"line":70,"column":24}},"12":{"start":{"line":70,"column":32},"end":{"line":70,"column":37}},"13":{"start":{"line":71,"column":6},"end":{"line":73,"column":null}},"14":{"start":{"line":72,"column":8},"end":{"line":72,"column":13}}},"fnMap":{"0":{"name":"(anonymous_2)","decl":{"start":{"line":47,"column":6},"end":{"line":47,"column":null}},"loc":{"start":{"line":47,"column":6},"end":{"line":53,"column":null}}},"1":{"name":"(anonymous_3)","decl":{"start":{"line":57,"column":9},"end":{"line":57,"column":null}},"loc":{"start":{"line":57,"column":9},"end":{"line":65,"column":null}}},"2":{"name":"(anonymous_4)","decl":{"start":{"line":68,"column":16},"end":{"line":68,"column":null}},"loc":{"start":{"line":68,"column":16},"end":{"line":74,"column":null}}}},"branchMap":{"0":{"loc":{"start":{"line":71,"column":6},"end":{"line":73,"column":null}},"type":"if","locations":[{"start":{"line":71,"column":6},"end":{"line":73,"column":null}}]},"1":{"loc":{"start":{"line":71,"column":10},"end":{"line":71,"column":32}},"type":"binary-expr","locations":[{"start":{"line":71,"column":10},"end":{"line":71,"column":18}},{"start":{"line":71,"column":22},"end":{"line":71,"column":32}}]}},"s":{"0":2,"1":2,"2":2,"3":3,"4":3,"5":3,"6":3,"7":3,"8":3,"9":1,"10":1,"11":1,"12":1,"13":1,"14":1},"f":{"0":3,"1":3,"2":1},"b":{"0":[1],"1":[1,1]}}
,"C:\\Users\\Usuario\\Desktop\\ISDICoders\\ProyectoFinal\\Inigo-Panos_Front-Final-Project-202201-MAD\\src\\components\\Register.vue": {"path":"C:\\Users\\Usuario\\Desktop\\ISDICoders\\ProyectoFinal\\Inigo-Panos_Front-Final-Project-202201-MAD\\src\\components\\Register.vue","statementMap":{"0":{"start":{"line":30,"column":0},"end":{"line":30,"column":null}},"1":{"start":{"line":31,"column":0},"end":{"line":31,"column":null}},"2":{"start":{"line":33,"column":0},"end":{"line":33,"column":15}},"3":{"start":{"line":36,"column":4},"end":{"line":36,"column":11}},"4":{"start":{"line":50,"column":6},"end":{"line":50,"column":11}},"5":{"start":{"line":51,"column":6},"end":{"line":51,"column":13}},"6":{"start":{"line":52,"column":6},"end":{"line":59,"column":null}},"7":{"start":{"line":53,"column":8},"end":{"line":53,"column":13}},"8":{"start":{"line":54,"column":8},"end":{"line":54,"column":15}},"9":{"start":{"line":56,"column":8},"end":{"line":56,"column":15}}},"fnMap":{"0":{"name":"(anonymous_2)","decl":{"start":{"line":35,"column":6},"end":{"line":35,"column":null}},"loc":{"start":{"line":35,"column":6},"end":{"line":43,"column":null}}},"1":{"name":"(anonymous_3)","decl":{"start":{"line":49,"column":16},"end":{"line":49,"column":null}},"loc":{"start":{"line":49,"column":16},"end":{"line":60,"column":null}}}},"branchMap":{"0":{"loc":{"start":{"line":52,"column":6},"end":{"line":59,"column":null}},"type":"if","locations":[{"start":{"line":52,"column":6},"end":{"line":59,"column":null}},{"start":{"line":55,"column":13},"end":{"line":59,"column":null}}]},"1":{"loc":{"start":{"line":52,"column":10},"end":{"line":52,"column":80}},"type":"binary-expr","locations":[{"start":{"line":52,"column":10},"end":{"line":52,"column":46}},{"start":{"line":52,"column":46},"end":{"line":52,"column":80}}]}},"s":{"0":1,"1":1,"2":1,"3":4,"4":1,"5":1,"6":1,"7":1,"8":1,"9":0},"f":{"0":4,"1":1},"b":{"0":[1,0],"1":[1,1]}}
,"C:\\Users\\Usuario\\Desktop\\ISDICoders\\ProyectoFinal\\Inigo-Panos_Front-Final-Project-202201-MAD\\src\\components\\RuinList.vue": {"path":"C:\\Users\\Usuario\\Desktop\\ISDICoders\\ProyectoFinal\\Inigo-Panos_Front-Final-Project-202201-MAD\\src\\components\\RuinList.vue","statementMap":{"0":{"start":{"line":17,"column":0},"end":{"line":17,"column":null}},"1":{"start":{"line":18,"column":0},"end":{"line":18,"column":null}},"2":{"start":{"line":20,"column":0},"end":{"line":20,"column":15}},"3":{"start":{"line":24,"column":4},"end":{"line":24,"column":11}},"4":{"start":{"line":34,"column":4},"end":{"line":34,"column":9}},"5":{"start":{"line":35,"column":4},"end":{"line":35,"column":11}}},"fnMap":{"0":{"name":"(anonymous_2)","decl":{"start":{"line":23,"column":6},"end":{"line":23,"column":null}},"loc":{"start":{"line":23,"column":6},"end":{"line":27,"column":null}}},"1":{"name":"(anonymous_3)","decl":{"start":{"line":33,"column":9},"end":{"line":33,"column":null}},"loc":{"start":{"line":33,"column":9},"end":{"line":36,"column":null}}}},"branchMap":{},"s":{"0":1,"1":1,"2":1,"3":0,"4":0,"5":0},"f":{"0":0,"1":0},"b":{}}
,"C:\\Users\\Usuario\\Desktop\\ISDICoders\\ProyectoFinal\\Inigo-Panos_Front-Final-Project-202201-MAD\\src\\router\\index.ts": {"path":"C:\\Users\\Usuario\\Desktop\\ISDICoders\\ProyectoFinal\\Inigo-Panos_Front-Final-Project-202201-MAD\\src\\router\\index.ts","statementMap":{"0":{"start":{"line":1,"column":0},"end":{"line":1,"column":null}},"1":{"start":{"line":2,"column":0},"end":{"line":2,"column":null}},"2":{"start":{"line":3,"column":0},"end":{"line":3,"column":null}},"3":{"start":{"line":4,"column":0},"end":{"line":4,"column":null}},"4":{"start":{"line":5,"column":0},"end":{"line":5,"column":null}},"5":{"start":{"line":6,"column":0},"end":{"line":6,"column":null}},"6":{"start":{"line":7,"column":0},"end":{"line":7,"column":null}},"7":{"start":{"line":8,"column":0},"end":{"line":8,"column":null}},"8":{"start":{"line":10,"column":38},"end":{"line":10,"column":null}},"9":{"start":{"line":49,"column":20},"end":{"line":49,"column":28}},"10":{"start":{"line":58,"column":9},"end":{"line":58,"column":null}},"11":{"start":{"line":53,"column":15},"end":{"line":53,"column":28}},"12":{"start":{"line":59,"column":0},"end":{"line":59,"column":15}}},"fnMap":{"0":{"name":"(anonymous_7)","decl":{"start":{"line":49,"column":15},"end":{"line":49,"column":20}},"loc":{"start":{"line":49,"column":20},"end":{"line":49,"column":28}}},"1":{"name":"(anonymous_8)","decl":{"start":{"line":49,"column":20},"end":{"line":49,"column":28}},"loc":{"start":{"line":49,"column":20},"end":{"line":49,"column":28}}}},"branchMap":{},"s":{"0":1,"1":1,"2":1,"3":1,"4":1,"5":1,"6":1,"7":1,"8":1,"9":0,"10":1,"11":1,"12":1},"f":{"0":0,"1":0},"b":{}}
,"C:\\Users\\Usuario\\Desktop\\ISDICoders\\ProyectoFinal\\Inigo-Panos_Front-Final-Project-202201-MAD\\src\\router\\ruins.service.ts": {"path":"C:\\Users\\Usuario\\Desktop\\ISDICoders\\ProyectoFinal\\Inigo-Panos_Front-Final-Project-202201-MAD\\src\\router\\ruins.service.ts","statementMap":{"0":{"start":{"line":1,"column":0},"end":{"line":1,"column":null}},"1":{"start":{"line":4,"column":18},"end":{"line":4,"column":null}},"2":{"start":{"line":6,"column":13},"end":{"line":6,"column":29}},"3":{"start":{"line":13,"column":2},"end":{"line":13,"column":9}},"4":{"start":{"line":17,"column":2},"end":{"line":17,"column":9}},"5":{"start":{"line":18,"column":2},"end":{"line":18,"column":9}},"6":{"start":{"line":22,"column":2},"end":{"line":22,"column":9}},"7":{"start":{"line":23,"column":2},"end":{"line":23,"column":9}},"8":{"start":{"line":27,"column":2},"end":{"line":27,"column":9}},"9":{"start":{"line":28,"column":2},"end":{"line":28,"column":9}}},"fnMap":{"0":{"name":"createNewRuin","decl":{"start":{"line":12,"column":9},"end":{"line":12,"column":23}},"loc":{"start":{"line":12,"column":40},"end":{"line":19,"column":null}}},"1":{"name":"getAllRuins","decl":{"start":{"line":21,"column":9},"end":{"line":21,"column":20}},"loc":{"start":{"line":21,"column":20},"end":{"line":24,"column":null}}},"2":{"name":"getRuinDetails","decl":{"start":{"line":26,"column":9},"end":{"line":26,"column":24}},"loc":{"start":{"line":26,"column":34},"end":{"line":29,"column":null}}}},"branchMap":{},"s":{"0":0,"1":0,"2":0,"3":0,"4":0,"5":0,"6":0,"7":0,"8":0,"9":0},"f":{"0":0,"1":0,"2":0},"b":{}}
,"C:\\Users\\Usuario\\Desktop\\ISDICoders\\ProyectoFinal\\Inigo-Panos_Front-Final-Project-202201-MAD\\src\\router\\users.service.ts": {"path":"C:\\Users\\Usuario\\Desktop\\ISDICoders\\ProyectoFinal\\Inigo-Panos_Front-Final-Project-202201-MAD\\src\\router\\users.service.ts","statementMap":{"0":{"start":{"line":1,"column":0},"end":{"line":1,"column":null}},"1":{"start":{"line":4,"column":18},"end":{"line":4,"column":null}},"2":{"start":{"line":6,"column":13},"end":{"line":6,"column":28}},"3":{"start":{"line":16,"column":16},"end":{"line":16,"column":28}},"4":{"start":{"line":17,"column":0},"end":{"line":19,"column":null}},"5":{"start":{"line":18,"column":2},"end":{"line":18,"column":11}},"6":{"start":{"line":22,"column":2},"end":{"line":22,"column":9}},"7":{"start":{"line":23,"column":17},"end":{"line":23,"column":29}},"8":{"start":{"line":24,"column":4},"end":{"line":33,"column":null}},"9":{"start":{"line":25,"column":6},"end":{"line":29,"column":null}},"10":{"start":{"line":27,"column":8},"end":{"line":27,"column":null}},"11":{"start":{"line":28,"column":8},"end":{"line":28,"column":16}},"12":{"start":{"line":31,"column":21},"end":{"line":31,"column":null}},"13":{"start":{"line":32,"column":6},"end":{"line":32,"column":13}},"14":{"start":{"line":35,"column":4},"end":{"line":35,"column":11}},"15":{"start":{"line":40,"column":2},"end":{"line":40,"column":9}},"16":{"start":{"line":44,"column":2},"end":{"line":44,"column":9}},"17":{"start":{"line":49,"column":2},"end":{"line":49,"column":14}},"18":{"start":{"line":53,"column":2},"end":{"line":53,"column":9}},"19":{"start":{"line":57,"column":2},"end":{"line":57,"column":9}}},"fnMap":{"0":{"name":"handleResponse","decl":{"start":{"line":21,"column":9},"end":{"line":21,"column":24}},"loc":{"start":{"line":21,"column":37},"end":{"line":37,"column":null}}},"1":{"name":"(anonymous_2)","decl":{"start":{"line":22,"column":31},"end":{"line":22,"column":47}},"loc":{"start":{"line":22,"column":47},"end":{"line":36,"column":null}}},"2":{"name":"register","decl":{"start":{"line":39,"column":9},"end":{"line":39,"column":18}},"loc":{"start":{"line":39,"column":37},"end":{"line":41,"column":null}}},"3":{"name":"login","decl":{"start":{"line":43,"column":9},"end":{"line":43,"column":15}},"loc":{"start":{"line":43,"column":31},"end":{"line":45,"column":null}}},"4":{"name":"logout","decl":{"start":{"line":47,"column":9},"end":{"line":47,"column":15}},"loc":{"start":{"line":47,"column":15},"end":{"line":50,"column":null}}},"5":{"name":"getData","decl":{"start":{"line":52,"column":9},"end":{"line":52,"column":17}},"loc":{"start":{"line":52,"column":24},"end":{"line":58,"column":null}}}},"branchMap":{"0":{"loc":{"start":{"line":17,"column":0},"end":{"line":19,"column":null}},"type":"if","locations":[{"start":{"line":17,"column":0},"end":{"line":19,"column":null}}]},"1":{"loc":{"start":{"line":23,"column":17},"end":{"line":23,"column":29}},"type":"binary-expr","locations":[{"start":{"line":23,"column":17},"end":{"line":23,"column":21}},{"start":{"line":23,"column":25},"end":{"line":23,"column":29}}]},"2":{"loc":{"start":{"line":24,"column":4},"end":{"line":33,"column":null}},"type":"if","locations":[{"start":{"line":24,"column":4},"end":{"line":33,"column":null}}]},"3":{"loc":{"start":{"line":25,"column":6},"end":{"line":29,"column":null}},"type":"if","locations":[{"start":{"line":25,"column":6},"end":{"line":29,"column":null}}]},"4":{"loc":{"start":{"line":31,"column":21},"end":{"line":31,"column":null}},"type":"binary-expr","locations":[{"start":{"line":31,"column":21},"end":{"line":31,"column":25}},{"start":{"line":31,"column":29},"end":{"line":31,"column":46}},{"start":{"line":31,"column":46},"end":{"line":31,"column":null}}]}},"s":{"0":0,"1":0,"2":0,"3":0,"4":0,"5":0,"6":0,"7":0,"8":0,"9":0,"10":0,"11":0,"12":0,"13":0,"14":0,"15":0,"16":0,"17":0,"18":0,"19":0},"f":{"0":0,"1":0,"2":0,"3":0,"4":0,"5":0},"b":{"0":[0],"1":[0,0],"2":[0],"3":[0],"4":[0,0,0]}}
,"C:\\Users\\Usuario\\Desktop\\ISDICoders\\ProyectoFinal\\Inigo-Panos_Front-Final-Project-202201-MAD\\src\\store\\account.modules.ts": {"path":"C:\\Users\\Usuario\\Desktop\\ISDICoders\\ProyectoFinal\\Inigo-Panos_Front-Final-Project-202201-MAD\\src\\store\\account.modules.ts","statementMap":{"0":{"start":{"line":2,"column":0},"end":{"line":2,"column":null}},"1":{"start":{"line":3,"column":0},"end":{"line":3,"column":null}},"2":{"start":{"line":8,"column":16},"end":{"line":8,"column":null}},"3":{"start":{"line":10,"column":4},"end":{"line":10,"column":10}},"4":{"start":{"line":11,"column":4},"end":{"line":11,"column":10}},"5":{"start":{"line":13,"column":4},"end":{"line":13,"column":17}},"6":{"start":{"line":15,"column":8},"end":{"line":15,"column":20}},"7":{"start":{"line":16,"column":8},"end":{"line":16,"column":14}},"8":{"start":{"line":17,"column":8},"end":{"line":17,"column":15}},"9":{"start":{"line":20,"column":8},"end":{"line":20,"column":14}},"10":{"start":{"line":21,"column":8},"end":{"line":21,"column":16}},"11":{"start":{"line":27,"column":4},"end":{"line":27,"column":11}},"12":{"start":{"line":29,"column":4},"end":{"line":29,"column":17}},"13":{"start":{"line":31,"column":8},"end":{"line":31,"column":14}},"14":{"start":{"line":32,"column":8},"end":{"line":32,"column":15}},"15":{"start":{"line":33,"column":8},"end":{"line":33,"column":15}},"16":{"start":{"line":37,"column":8},"end":{"line":37,"column":16}},"17":{"start":{"line":43,"column":4},"end":{"line":43,"column":16}},"18":{"start":{"line":44,"column":4},"end":{"line":44,"column":17}},"19":{"start":{"line":45,"column":4},"end":{"line":45,"column":10}},"20":{"start":{"line":49,"column":4},"end":{"line":49,"column":11}},"21":{"start":{"line":50,"column":4},"end":{"line":50,"column":10}},"22":{"start":{"line":52,"column":4},"end":{"line":52,"column":17}},"23":{"start":{"line":54,"column":8},"end":{"line":54,"column":14}},"24":{"start":{"line":55,"column":8},"end":{"line":55,"column":15}},"25":{"start":{"line":56,"column":8},"end":{"line":56,"column":18}},"26":{"start":{"line":58,"column":10},"end":{"line":58,"column":18}},"27":{"start":{"line":62,"column":8},"end":{"line":62,"column":14}},"28":{"start":{"line":63,"column":8},"end":{"line":63,"column":16}},"29":{"start":{"line":69,"column":18},"end":{"line":69,"column":null}},"30":{"start":{"line":71,"column":4},"end":{"line":71,"column":11}},"31":{"start":{"line":73,"column":4},"end":{"line":73,"column":9}},"32":{"start":{"line":80,"column":4},"end":{"line":80,"column":11}},"33":{"start":{"line":84,"column":4},"end":{"line":84,"column":9}},"34":{"start":{"line":85,"column":4},"end":{"line":85,"column":11}},"35":{"start":{"line":87,"column":4},"end":{"line":87,"column":9}},"36":{"start":{"line":89,"column":4},"end":{"line":89,"column":11}},"37":{"start":{"line":93,"column":4},"end":{"line":93,"column":11}},"38":{"start":{"line":94,"column":4},"end":{"line":94,"column":9}},"39":{"start":{"line":95,"column":4},"end":{"line":95,"column":9}},"40":{"start":{"line":99,"column":4},"end":{"line":99,"column":11}},"41":{"start":{"line":100,"column":4},"end":{"line":100,"column":9}},"42":{"start":{"line":101,"column":4},"end":{"line":101,"column":9}},"43":{"start":{"line":104,"column":4},"end":{"line":104,"column":9}},"44":{"start":{"line":105,"column":4},"end":{"line":105,"column":9}},"45":{"start":{"line":108,"column":4},"end":{"line":108,"column":11}},"46":{"start":{"line":109,"column":4},"end":{"line":109,"column":9}},"47":{"start":{"line":112,"column":4},"end":{"line":112,"column":11}},"48":{"start":{"line":113,"column":4},"end":{"line":113,"column":9}},"49":{"start":{"line":116,"column":4},"end":{"line":116,"column":11}},"50":{"start":{"line":117,"column":4},"end":{"line":117,"column":9}},"51":{"start":{"line":121,"column":16},"end":{"line":121,"column":null}},"52":{"start":{"line":123,"column":4},"end":{"line":123,"column":11}},"53":{"start":{"line":126,"column":4},"end":{"line":126,"column":11}},"54":{"start":{"line":130,"column":13},"end":{"line":130,"column":23}}},"fnMap":{"0":{"name":"(anonymous_1)","decl":{"start":{"line":9,"column":2},"end":{"line":9,"column":7}},"loc":{"start":{"line":9,"column":73},"end":{"line":24,"column":null}}},"1":{"name":"(anonymous_2)","decl":{"start":{"line":14,"column":7},"end":{"line":14,"column":19}},"loc":{"start":{"line":14,"column":19},"end":{"line":18,"column":null}}},"2":{"name":"(anonymous_3)","decl":{"start":{"line":19,"column":7},"end":{"line":19,"column":16}},"loc":{"start":{"line":19,"column":16},"end":{"line":22,"column":null}}},"3":{"name":"(anonymous_4)","decl":{"start":{"line":26,"column":2},"end":{"line":26,"column":13}},"loc":{"start":{"line":26,"column":75},"end":{"line":40,"column":null}}},"4":{"name":"(anonymous_5)","decl":{"start":{"line":30,"column":7},"end":{"line":30,"column":19}},"loc":{"start":{"line":30,"column":19},"end":{"line":34,"column":null}}},"5":{"name":"(anonymous_6)","decl":{"start":{"line":36,"column":7},"end":{"line":36,"column":16}},"loc":{"start":{"line":36,"column":16},"end":{"line":38,"column":null}}},"6":{"name":"(anonymous_7)","decl":{"start":{"line":42,"column":2},"end":{"line":42,"column":8}},"loc":{"start":{"line":42,"column":36},"end":{"line":46,"column":null}}},"7":{"name":"(anonymous_8)","decl":{"start":{"line":48,"column":2},"end":{"line":48,"column":10}},"loc":{"start":{"line":48,"column":74},"end":{"line":66,"column":null}}},"8":{"name":"(anonymous_9)","decl":{"start":{"line":53,"column":7},"end":{"line":53,"column":24}},"loc":{"start":{"line":53,"column":24},"end":{"line":60,"column":null}}},"9":{"name":"(anonymous_10)","decl":{"start":{"line":56,"column":19},"end":{"line":56,"column":24}},"loc":{"start":{"line":56,"column":24},"end":{"line":59,"column":null}}},"10":{"name":"(anonymous_11)","decl":{"start":{"line":61,"column":7},"end":{"line":61,"column":16}},"loc":{"start":{"line":61,"column":16},"end":{"line":64,"column":null}}},"11":{"name":"(anonymous_12)","decl":{"start":{"line":70,"column":2},"end":{"line":70,"column":16}},"loc":{"start":{"line":70,"column":38},"end":{"line":81,"column":null}}},"12":{"name":"(anonymous_13)","decl":{"start":{"line":83,"column":2},"end":{"line":83,"column":14}},"loc":{"start":{"line":83,"column":36},"end":{"line":90,"column":null}}},"13":{"name":"(anonymous_14)","decl":{"start":{"line":92,"column":2},"end":{"line":92,"column":14}},"loc":{"start":{"line":92,"column":36},"end":{"line":96,"column":null}}},"14":{"name":"(anonymous_15)","decl":{"start":{"line":98,"column":2},"end":{"line":98,"column":14}},"loc":{"start":{"line":98,"column":25},"end":{"line":102,"column":null}}},"15":{"name":"(anonymous_16)","decl":{"start":{"line":103,"column":2},"end":{"line":103,"column":8}},"loc":{"start":{"line":103,"column":19},"end":{"line":106,"column":null}}},"16":{"name":"(anonymous_17)","decl":{"start":{"line":107,"column":2},"end":{"line":107,"column":17}},"loc":{"start":{"line":107,"column":28},"end":{"line":110,"column":null}}},"17":{"name":"(anonymous_18)","decl":{"start":{"line":111,"column":2},"end":{"line":111,"column":17}},"loc":{"start":{"line":111,"column":28},"end":{"line":114,"column":null}}},"18":{"name":"(anonymous_19)","decl":{"start":{"line":115,"column":2},"end":{"line":115,"column":17}},"loc":{"start":{"line":115,"column":28},"end":{"line":118,"column":null}}},"19":{"name":"(anonymous_20)","decl":{"start":{"line":122,"column":2},"end":{"line":122,"column":10}},"loc":{"start":{"line":122,"column":21},"end":{"line":124,"column":null}}},"20":{"name":"(anonymous_21)","decl":{"start":{"line":125,"column":2},"end":{"line":125,"column":10}},"loc":{"start":{"line":125,"column":21},"end":{"line":127,"column":null}}}},"branchMap":{},"s":{"0":0,"1":0,"2":0,"3":0,"4":0,"5":0,"6":0,"7":0,"8":0,"9":0,"10":0,"11":0,"12":0,"13":0,"14":0,"15":0,"16":0,"17":0,"18":0,"19":0,"20":0,"21":0,"22":0,"23":0,"24":0,"25":0,"26":0,"27":0,"28":0,"29":0,"30":0,"31":0,"32":0,"33":0,"34":0,"35":0,"36":0,"37":0,"38":0,"39":0,"40":0,"41":0,"42":0,"43":0,"44":0,"45":0,"46":0,"47":0,"48":0,"49":0,"50":0,"51":0,"52":0,"53":0,"54":0},"f":{"0":0,"1":0,"2":0,"3":0,"4":0,"5":0,"6":0,"7":0,"8":0,"9":0,"10":0,"11":0,"12":0,"13":0,"14":0,"15":0,"16":0,"17":0,"18":0,"19":0,"20":0},"b":{}}
,"C:\\Users\\Usuario\\Desktop\\ISDICoders\\ProyectoFinal\\Inigo-Panos_Front-Final-Project-202201-MAD\\src\\store\\index.ts": {"path":"C:\\Users\\Usuario\\Desktop\\ISDICoders\\ProyectoFinal\\Inigo-Panos_Front-Final-Project-202201-MAD\\src\\store\\index.ts","statementMap":{"0":{"start":{"line":1,"column":0},"end":{"line":1,"column":null}},"1":{"start":{"line":3,"column":0},"end":{"line":3,"column":null}},"2":{"start":{"line":4,"column":0},"end":{"line":4,"column":null}},"3":{"start":{"line":6,"column":13},"end":{"line":6,"column":21}}},"fnMap":{},"branchMap":{},"s":{"0":0,"1":0,"2":0,"3":0},"f":{},"b":{}}
,"C:\\Users\\Usuario\\Desktop\\ISDICoders\\ProyectoFinal\\Inigo-Panos_Front-Final-Project-202201-MAD\\src\\store\\ruins.modules.ts": {"path":"C:\\Users\\Usuario\\Desktop\\ISDICoders\\ProyectoFinal\\Inigo-Panos_Front-Final-Project-202201-MAD\\src\\store\\ruins.modules.ts","statementMap":{"0":{"start":{"line":2,"column":0},"end":{"line":2,"column":null}},"1":{"start":{"line":3,"column":0},"end":{"line":3,"column":null}},"2":{"start":{"line":18,"column":16},"end":{"line":18,"column":null}},"3":{"start":{"line":20,"column":4},"end":{"line":20,"column":11}},"4":{"start":{"line":22,"column":4},"end":{"line":22,"column":18}},"5":{"start":{"line":24,"column":8},"end":{"line":24,"column":14}},"6":{"start":{"line":25,"column":8},"end":{"line":25,"column":15}},"7":{"start":{"line":26,"column":8},"end":{"line":26,"column":15}},"8":{"start":{"line":30,"column":8},"end":{"line":30,"column":16}},"9":{"start":{"line":36,"column":4},"end":{"line":36,"column":11}},"10":{"start":{"line":38,"column":4},"end":{"line":38,"column":18}},"11":{"start":{"line":40,"column":8},"end":{"line":40,"column":14}},"12":{"start":{"line":41,"column":8},"end":{"line":41,"column":15}},"13":{"start":{"line":45,"column":8},"end":{"line":45,"column":16}},"14":{"start":{"line":51,"column":4},"end":{"line":51,"column":11}},"15":{"start":{"line":53,"column":4},"end":{"line":53,"column":11}},"16":{"start":{"line":55,"column":4},"end":{"line":55,"column":18}},"17":{"start":{"line":57,"column":8},"end":{"line":57,"column":14}},"18":{"start":{"line":58,"column":8},"end":{"line":58,"column":15}},"19":{"start":{"line":59,"column":8},"end":{"line":59,"column":18}},"20":{"start":{"line":60,"column":10},"end":{"line":60,"column":18}},"21":{"start":{"line":64,"column":8},"end":{"line":64,"column":14}},"22":{"start":{"line":65,"column":8},"end":{"line":65,"column":16}},"23":{"start":{"line":71,"column":18},"end":{"line":71,"column":null}},"24":{"start":{"line":73,"column":4},"end":{"line":73,"column":11}},"25":{"start":{"line":74,"column":4},"end":{"line":74,"column":9}},"26":{"start":{"line":76,"column":4},"end":{"line":76,"column":19}},"27":{"start":{"line":77,"column":6},"end":{"line":77,"column":11}},"28":{"start":{"line":80,"column":4},"end":{"line":80,"column":11}},"29":{"start":{"line":84,"column":4},"end":{"line":84,"column":11}},"30":{"start":{"line":85,"column":4},"end":{"line":85,"column":9}},"31":{"start":{"line":89,"column":4},"end":{"line":89,"column":11}},"32":{"start":{"line":90,"column":4},"end":{"line":90,"column":9}},"33":{"start":{"line":93,"column":4},"end":{"line":93,"column":11}},"34":{"start":{"line":94,"column":4},"end":{"line":94,"column":9}},"35":{"start":{"line":97,"column":4},"end":{"line":97,"column":11}},"36":{"start":{"line":98,"column":4},"end":{"line":98,"column":9}},"37":{"start":{"line":102,"column":16},"end":{"line":102,"column":null}},"38":{"start":{"line":104,"column":4},"end":{"line":104,"column":11}},"39":{"start":{"line":107,"column":4},"end":{"line":107,"column":11}},"40":{"start":{"line":111,"column":13},"end":{"line":111,"column":21}}},"fnMap":{"0":{"name":"(anonymous_1)","decl":{"start":{"line":19,"column":2},"end":{"line":19,"column":13}},"loc":{"start":{"line":19,"column":66},"end":{"line":33,"column":null}}},"1":{"name":"(anonymous_2)","decl":{"start":{"line":23,"column":7},"end":{"line":23,"column":26}},"loc":{"start":{"line":23,"column":26},"end":{"line":27,"column":null}}},"2":{"name":"(anonymous_3)","decl":{"start":{"line":29,"column":7},"end":{"line":29,"column":16}},"loc":{"start":{"line":29,"column":16},"end":{"line":31,"column":null}}},"3":{"name":"(anonymous_4)","decl":{"start":{"line":35,"column":2},"end":{"line":35,"column":16}},"loc":{"start":{"line":35,"column":81},"end":{"line":48,"column":null}}},"4":{"name":"(anonymous_5)","decl":{"start":{"line":39,"column":7},"end":{"line":39,"column":23}},"loc":{"start":{"line":39,"column":23},"end":{"line":42,"column":null}}},"5":{"name":"(anonymous_6)","decl":{"start":{"line":44,"column":7},"end":{"line":44,"column":16}},"loc":{"start":{"line":44,"column":16},"end":{"line":46,"column":null}}},"6":{"name":"(anonymous_7)","decl":{"start":{"line":50,"column":2},"end":{"line":50,"column":15}},"loc":{"start":{"line":50,"column":87},"end":{"line":68,"column":null}}},"7":{"name":"(anonymous_8)","decl":{"start":{"line":56,"column":7},"end":{"line":56,"column":24}},"loc":{"start":{"line":56,"column":24},"end":{"line":62,"column":null}}},"8":{"name":"(anonymous_9)","decl":{"start":{"line":59,"column":19},"end":{"line":59,"column":24}},"loc":{"start":{"line":59,"column":24},"end":{"line":61,"column":null}}},"9":{"name":"(anonymous_10)","decl":{"start":{"line":63,"column":7},"end":{"line":63,"column":16}},"loc":{"start":{"line":63,"column":16},"end":{"line":66,"column":null}}},"10":{"name":"(anonymous_11)","decl":{"start":{"line":72,"column":2},"end":{"line":72,"column":19}},"loc":{"start":{"line":72,"column":52},"end":{"line":81,"column":null}}},"11":{"name":"(anonymous_12)","decl":{"start":{"line":76,"column":34},"end":{"line":76,"column":52}},"loc":{"start":{"line":76,"column":52},"end":{"line":78,"column":null}}},"12":{"name":"(anonymous_13)","decl":{"start":{"line":83,"column":2},"end":{"line":83,"column":23}},"loc":{"start":{"line":83,"column":52},"end":{"line":86,"column":null}}},"13":{"name":"(anonymous_14)","decl":{"start":{"line":88,"column":2},"end":{"line":88,"column":22}},"loc":{"start":{"line":88,"column":33},"end":{"line":91,"column":null}}},"14":{"name":"(anonymous_15)","decl":{"start":{"line":92,"column":2},"end":{"line":92,"column":22}},"loc":{"start":{"line":92,"column":33},"end":{"line":95,"column":null}}},"15":{"name":"(anonymous_16)","decl":{"start":{"line":96,"column":2},"end":{"line":96,"column":22}},"loc":{"start":{"line":96,"column":33},"end":{"line":99,"column":null}}},"16":{"name":"(anonymous_17)","decl":{"start":{"line":103,"column":2},"end":{"line":103,"column":17}},"loc":{"start":{"line":103,"column":28},"end":{"line":105,"column":null}}},"17":{"name":"(anonymous_18)","decl":{"start":{"line":106,"column":2},"end":{"line":106,"column":13}},"loc":{"start":{"line":106,"column":24},"end":{"line":108,"column":null}}}},"branchMap":{},"s":{"0":0,"1":0,"2":0,"3":0,"4":0,"5":0,"6":0,"7":0,"8":0,"9":0,"10":0,"11":0,"12":0,"13":0,"14":0,"15":0,"16":0,"17":0,"18":0,"19":0,"20":0,"21":0,"22":0,"23":0,"24":0,"25":0,"26":0,"27":0,"28":0,"29":0,"30":0,"31":0,"32":0,"33":0,"34":0,"35":0,"36":0,"37":0,"38":0,"39":0,"40":0},"f":{"0":0,"1":0,"2":0,"3":0,"4":0,"5":0,"6":0,"7":0,"8":0,"9":0,"10":0,"11":0,"12":0,"13":0,"14":0,"15":0,"16":0,"17":0},"b":{}}
,"C:\\Users\\Usuario\\Desktop\\ISDICoders\\ProyectoFinal\\Inigo-Panos_Front-Final-Project-202201-MAD\\src\\views\\HomeView.vue": {"path":"C:\\Users\\Usuario\\Desktop\\ISDICoders\\ProyectoFinal\\Inigo-Panos_Front-Final-Project-202201-MAD\\src\\views\\HomeView.vue","statementMap":{"0":{"start":{"line":9,"column":0},"end":{"line":9,"column":null}},"1":{"start":{"line":10,"column":0},"end":{"line":10,"column":54}},"2":{"start":{"line":12,"column":0},"end":{"line":12,"column":15}}},"fnMap":{},"branchMap":{},"s":{"0":1,"1":1,"2":1},"f":{},"b":{}}
}
