TN:
SF:src\firebase.ts
FNF:0
FNH:0
DA:1,2
DA:2,2
DA:3,2
DA:8,2
DA:18,2
DA:19,2
LF:6
LH:6
BRF:0
BRH:0
end_of_record
TN:
SF:src\registerServiceWorker.ts
FN:7,(anonymous_0)
FN:13,(anonymous_1)
FN:16,(anonymous_2)
FN:19,(anonymous_3)
FN:22,(anonymous_4)
FN:25,(anonymous_5)
FN:28,(anonymous_6)
FNF:7
FNH:0
FNDA:0,(anonymous_0)
FNDA:0,(anonymous_1)
FNDA:0,(anonymous_2)
FNDA:0,(anonymous_3)
FNDA:0,(anonymous_4)
FNDA:0,(anonymous_5)
FNDA:0,(anonymous_6)
DA:3,0
DA:5,0
DA:6,0
DA:8,0
DA:14,0
DA:17,0
DA:20,0
DA:23,0
DA:26,0
DA:29,0
LF:10
LH:0
BRDA:5,0,0,0
BRF:1
BRH:0
end_of_record
TN:
SF:src\_helpers\auth.header.ts
FN:1,authHeader
FNF:1
FNH:0
FNDA:0,authHeader
DA:1,0
DA:3,0
DA:4,0
DA:6,0
DA:7,0
DA:10,0
LF:6
LH:0
BRDA:6,0,0,0
BRDA:6,1,0,0
BRDA:6,1,1,0
BRF:3
BRH:0
end_of_record
TN:
SF:src\components\CreateRuin.vue
FN:71,(anonymous_2)
FN:97,(anonymous_3)
FN:103,(anonymous_4)
FN:104,(anonymous_5)
FN:124,(anonymous_6)
FN:130,(anonymous_7)
FNF:6
FNH:0
FNDA:0,(anonymous_2)
FNDA:0,(anonymous_3)
FNDA:0,(anonymous_4)
FNDA:0,(anonymous_5)
FNDA:0,(anonymous_6)
FNDA:0,(anonymous_7)
DA:61,2
DA:62,2
DA:63,2
DA:65,2
DA:66,2
DA:67,2
DA:69,2
DA:72,0
DA:97,0
DA:98,0
DA:100,0
DA:101,0
DA:103,0
DA:104,0
DA:105,0
DA:106,0
DA:107,0
DA:108,0
DA:126,0
DA:131,0
DA:133,0
DA:134,0
DA:135,0
LF:23
LH:7
BRF:0
BRH:0
end_of_record
TN:
SF:src\components\HelloWorld.vue
FNF:0
FNH:0
DA:40,3
DA:42,3
LF:2
LH:2
BRF:0
BRH:0
end_of_record
TN:
SF:src\components\Login.vue
FN:47,(anonymous_2)
FN:57,(anonymous_3)
FN:66,(anonymous_4)
FNF:3
FNH:3
FNDA:3,(anonymous_2)
FNDA:3,(anonymous_3)
FNDA:1,(anonymous_4)
DA:42,3
DA:43,3
DA:45,3
DA:48,3
DA:58,3
DA:59,3
DA:62,3
DA:67,1
DA:68,1
DA:69,1
DA:70,1
LF:11
LH:11
BRDA:69,0,0,1
BRDA:69,1,0,1
BRDA:69,1,1,1
BRF:3
BRH:3
end_of_record
TN:
SF:src\components\Register.vue
FN:35,(anonymous_2)
FN:49,(anonymous_3)
FNF:2
FNH:2
FNDA:4,(anonymous_2)
FNDA:1,(anonymous_3)
DA:30,2
DA:31,2
DA:33,2
DA:36,4
DA:50,1
DA:51,1
DA:52,1
DA:53,1
DA:54,1
DA:56,0
LF:10
LH:9
BRDA:52,0,0,1
BRDA:52,0,1,0
BRDA:52,1,0,1
BRDA:52,1,1,1
BRF:4
BRH:3
end_of_record
TN:
SF:src\components\RuinDetail.vue
FN:64,(anonymous_2)
FN:101,(anonymous_3)
FN:107,(anonymous_4)
FN:112,(anonymous_5)
FN:117,(anonymous_6)
FN:131,(anonymous_7)
FN:144,(anonymous_8)
FN:155,(anonymous_9)
FNF:8
FNH:0
FNDA:0,(anonymous_2)
FNDA:0,(anonymous_3)
FNDA:0,(anonymous_4)
FNDA:0,(anonymous_5)
FNDA:0,(anonymous_6)
FNDA:0,(anonymous_7)
FNDA:0,(anonymous_8)
FNDA:0,(anonymous_9)
DA:57,2
DA:58,2
DA:59,2
DA:61,2
DA:65,0
DA:103,0
DA:108,0
DA:113,0
DA:120,0
DA:125,0
DA:127,0
DA:132,0
DA:140,0
DA:145,0
DA:146,0
DA:147,0
DA:148,0
DA:149,0
DA:152,0
DA:153,0
DA:155,0
DA:157,0
LF:22
LH:4
BRDA:155,0,0,0
BRDA:155,0,1,0
BRDA:155,1,0,0
BRDA:155,1,1,0
BRF:4
BRH:0
end_of_record
TN:
SF:src\components\RuinList.vue
FN:23,(anonymous_2)
FN:33,(anonymous_3)
FNF:2
FNH:2
FNDA:2,(anonymous_2)
FNDA:2,(anonymous_3)
DA:17,3
DA:18,3
DA:20,3
DA:24,2
DA:34,2
DA:35,2
LF:6
LH:6
BRF:0
BRH:0
end_of_record
TN:
SF:src\components\UpdateRuin.vue
FN:59,(anonymous_2)
FN:81,(anonymous_3)
FN:97,(anonymous_4)
FNF:3
FNH:1
FNDA:3,(anonymous_2)
FNDA:0,(anonymous_3)
FNDA:0,(anonymous_4)
DA:53,2
DA:54,2
DA:55,2
DA:57,2
DA:60,3
DA:82,0
DA:83,0
DA:85,0
DA:87,0
DA:88,0
DA:98,0
DA:99,0
DA:100,0
DA:102,0
DA:104,0
LF:15
LH:5
BRF:0
BRH:0
end_of_record
TN:
SF:src\components\UserData.vue
FN:41,(anonymous_2)
FN:54,(anonymous_3)
FN:72,(anonymous_4)
FNF:3
FNH:3
FNDA:2,(anonymous_2)
FNDA:2,(anonymous_3)
FNDA:1,(anonymous_4)
DA:35,3
DA:36,3
DA:38,3
DA:42,2
DA:55,2
DA:73,1
DA:74,1
LF:7
LH:7
BRF:0
BRH:0
end_of_record
TN:
SF:src\router\index.ts
FN:55,(anonymous_7)
FN:55,(anonymous_8)
FNF:2
FNH:0
FNDA:0,(anonymous_7)
FNDA:0,(anonymous_8)
DA:1,2
DA:2,2
DA:3,2
DA:4,2
DA:5,2
DA:6,2
DA:7,2
DA:8,2
DA:9,2
DA:11,2
DA:55,0
DA:59,2
DA:64,2
DA:65,2
LF:14
LH:13
BRF:0
BRH:0
end_of_record
TN:
SF:src\router\ruins.service.ts
FN:18,getToken
FN:22,updateRuin
FN:31,newCommentOnRuin
FN:42,deleteComment
FN:51,addToFavoritesToggle
FN:58,addToVisitedToggle
FN:66,createNewRuin
FN:80,deleteRuin
FN:88,getAllRuins
FN:93,getRuinDetails
FNF:10
FNH:0
FNDA:0,getToken
FNDA:0,updateRuin
FNDA:0,newCommentOnRuin
FNDA:0,deleteComment
FNDA:0,addToFavoritesToggle
FNDA:0,addToVisitedToggle
FNDA:0,createNewRuin
FNDA:0,deleteRuin
FNDA:0,getAllRuins
FNDA:0,getRuinDetails
DA:1,0
DA:4,0
DA:6,0
DA:19,0
DA:23,0
DA:24,0
DA:32,0
DA:35,0
DA:43,0
DA:44,0
DA:52,0
DA:59,0
DA:67,0
DA:71,0
DA:73,0
DA:81,0
DA:89,0
DA:90,0
DA:94,0
DA:95,0
LF:20
LH:0
BRF:0
BRH:0
end_of_record
TN:
SF:src\router\users.service.ts
FN:17,getToken
FN:21,handleResponse
FN:22,(anonymous_3)
FN:39,register
FN:43,login
FN:47,loginUsingToken
FN:60,logout
FN:65,getData
FNF:8
FNH:0
FNDA:0,getToken
FNDA:0,handleResponse
FNDA:0,(anonymous_3)
FNDA:0,register
FNDA:0,login
FNDA:0,loginUsingToken
FNDA:0,logout
FNDA:0,getData
DA:1,0
DA:4,0
DA:6,0
DA:18,0
DA:22,0
DA:23,0
DA:24,0
DA:25,0
DA:27,0
DA:28,0
DA:31,0
DA:32,0
DA:35,0
DA:40,0
DA:44,0
DA:48,0
DA:49,0
DA:62,0
DA:66,0
DA:70,0
LF:20
LH:0
BRDA:23,0,0,0
BRDA:23,0,1,0
BRDA:24,1,0,0
BRDA:25,2,0,0
BRDA:31,3,0,0
BRDA:31,3,1,0
BRDA:31,3,2,0
BRF:7
BRH:0
end_of_record
TN:
SF:src\store\account.modules.ts
FN:9,(anonymous_1)
FN:14,(anonymous_2)
FN:21,(anonymous_3)
FN:28,(anonymous_4)
FN:31,(anonymous_5)
FN:36,(anonymous_6)
FN:43,(anonymous_7)
FN:45,(anonymous_8)
FN:50,(anonymous_9)
FN:56,(anonymous_10)
FN:62,(anonymous_11)
FN:67,(anonymous_12)
FN:70,(anonymous_13)
FN:75,(anonymous_14)
FN:84,(anonymous_15)
FN:107,(anonymous_16)
FN:118,(anonymous_17)
FN:124,(anonymous_18)
FN:129,(anonymous_19)
FN:134,(anonymous_20)
FN:138,(anonymous_21)
FN:142,(anonymous_22)
FN:146,(anonymous_23)
FN:153,(anonymous_24)
FN:156,(anonymous_25)
FNF:25
FNH:0
FNDA:0,(anonymous_1)
FNDA:0,(anonymous_2)
FNDA:0,(anonymous_3)
FNDA:0,(anonymous_4)
FNDA:0,(anonymous_5)
FNDA:0,(anonymous_6)
FNDA:0,(anonymous_7)
FNDA:0,(anonymous_8)
FNDA:0,(anonymous_9)
FNDA:0,(anonymous_10)
FNDA:0,(anonymous_11)
FNDA:0,(anonymous_12)
FNDA:0,(anonymous_13)
FNDA:0,(anonymous_14)
FNDA:0,(anonymous_15)
FNDA:0,(anonymous_16)
FNDA:0,(anonymous_17)
FNDA:0,(anonymous_18)
FNDA:0,(anonymous_19)
FNDA:0,(anonymous_20)
FNDA:0,(anonymous_21)
FNDA:0,(anonymous_22)
FNDA:0,(anonymous_23)
FNDA:0,(anonymous_24)
FNDA:0,(anonymous_25)
DA:2,0
DA:3,0
DA:8,0
DA:10,0
DA:11,0
DA:13,0
DA:15,0
DA:16,0
DA:17,0
DA:18,0
DA:19,0
DA:22,0
DA:23,0
DA:30,0
DA:33,0
DA:37,0
DA:38,0
DA:44,0
DA:46,0
DA:47,0
DA:51,0
DA:57,0
DA:58,0
DA:59,0
DA:63,0
DA:64,0
DA:66,0
DA:68,0
DA:69,0
DA:70,0
DA:72,0
DA:76,0
DA:77,0
DA:83,0
DA:85,0
DA:87,0
DA:95,0
DA:96,0
DA:97,0
DA:99,0
DA:108,0
DA:109,0
DA:111,0
DA:119,0
DA:120,0
DA:121,0
DA:125,0
DA:126,0
DA:127,0
DA:130,0
DA:131,0
DA:132,0
DA:135,0
DA:136,0
DA:139,0
DA:140,0
DA:143,0
DA:144,0
DA:147,0
DA:148,0
DA:152,0
DA:154,0
DA:157,0
DA:161,0
LF:64
LH:0
BRF:0
BRH:0
end_of_record
TN:
SF:src\store\index.ts
FNF:0
FNH:0
DA:1,0
DA:3,0
DA:4,0
DA:6,0
LF:4
LH:0
BRF:0
BRH:0
end_of_record
TN:
SF:src\store\ruins.modules.ts
FN:19,(anonymous_1)
FN:23,(anonymous_2)
FN:28,(anonymous_3)
FN:34,(anonymous_4)
FN:38,(anonymous_5)
FN:43,(anonymous_6)
FN:49,(anonymous_7)
FN:55,(anonymous_8)
FN:60,(anonymous_9)
FN:67,(anonymous_10)
FN:69,(anonymous_11)
FN:74,(anonymous_12)
FN:80,(anonymous_13)
FN:84,(anonymous_14)
FN:89,(anonymous_15)
FN:96,(anonymous_16)
FN:98,(anonymous_17)
FN:102,(anonymous_18)
FN:108,(anonymous_19)
FN:110,(anonymous_20)
FN:114,(anonymous_21)
FN:121,(anonymous_22)
FN:123,(anonymous_23)
FN:127,(anonymous_24)
FN:134,(anonymous_25)
FN:136,(anonymous_26)
FN:140,(anonymous_27)
FN:149,(anonymous_28)
FN:153,(anonymous_29)
FN:157,(anonymous_30)
FN:161,(anonymous_31)
FN:167,(anonymous_32)
FN:171,(anonymous_33)
FN:179,(anonymous_34)
FN:184,(anonymous_35)
FN:190,(anonymous_36)
FN:194,(anonymous_37)
FN:198,(anonymous_38)
FN:203,(anonymous_39)
FN:209,(anonymous_40)
FN:213,(anonymous_41)
FNF:41
FNH:0
FNDA:0,(anonymous_1)
FNDA:0,(anonymous_2)
FNDA:0,(anonymous_3)
FNDA:0,(anonymous_4)
FNDA:0,(anonymous_5)
FNDA:0,(anonymous_6)
FNDA:0,(anonymous_7)
FNDA:0,(anonymous_8)
FNDA:0,(anonymous_9)
FNDA:0,(anonymous_10)
FNDA:0,(anonymous_11)
FNDA:0,(anonymous_12)
FNDA:0,(anonymous_13)
FNDA:0,(anonymous_14)
FNDA:0,(anonymous_15)
FNDA:0,(anonymous_16)
FNDA:0,(anonymous_17)
FNDA:0,(anonymous_18)
FNDA:0,(anonymous_19)
FNDA:0,(anonymous_20)
FNDA:0,(anonymous_21)
FNDA:0,(anonymous_22)
FNDA:0,(anonymous_23)
FNDA:0,(anonymous_24)
FNDA:0,(anonymous_25)
FNDA:0,(anonymous_26)
FNDA:0,(anonymous_27)
FNDA:0,(anonymous_28)
FNDA:0,(anonymous_29)
FNDA:0,(anonymous_30)
FNDA:0,(anonymous_31)
FNDA:0,(anonymous_32)
FNDA:0,(anonymous_33)
FNDA:0,(anonymous_34)
FNDA:0,(anonymous_35)
FNDA:0,(anonymous_36)
FNDA:0,(anonymous_37)
FNDA:0,(anonymous_38)
FNDA:0,(anonymous_39)
FNDA:0,(anonymous_40)
FNDA:0,(anonymous_41)
DA:2,0
DA:3,0
DA:18,0
DA:20,0
DA:22,0
DA:24,0
DA:25,0
DA:29,0
DA:35,0
DA:37,0
DA:39,0
DA:40,0
DA:44,0
DA:50,0
DA:52,0
DA:54,0
DA:56,0
DA:57,0
DA:58,0
DA:61,0
DA:62,0
DA:68,0
DA:70,0
DA:71,0
DA:75,0
DA:81,0
DA:83,0
DA:85,0
DA:86,0
DA:87,0
DA:90,0
DA:91,0
DA:97,0
DA:99,0
DA:100,0
DA:103,0
DA:109,0
DA:111,0
DA:112,0
DA:115,0
DA:116,0
DA:122,0
DA:124,0
DA:125,0
DA:128,0
DA:129,0
DA:135,0
DA:137,0
DA:138,0
DA:141,0
DA:142,0
DA:148,0
DA:150,0
DA:154,0
DA:158,0
DA:162,0
DA:163,0
DA:164,0
DA:168,0
DA:169,0
DA:171,0
DA:172,0
DA:173,0
DA:176,0
DA:180,0
DA:181,0
DA:185,0
DA:186,0
DA:187,0
DA:191,0
DA:192,0
DA:195,0
DA:196,0
DA:199,0
DA:200,0
DA:204,0
DA:208,0
DA:210,0
DA:211,0
DA:214,0
DA:218,0
LF:81
LH:0
BRF:0
BRH:0
end_of_record
TN:
SF:src\views\HomeView.vue
FNF:0
FNH:0
DA:9,2
DA:10,2
DA:12,2
LF:3
LH:3
BRF:0
BRH:0
end_of_record
