TN:
SF:src\firebase.ts
FNF:0
FNH:0
DA:1,1
DA:2,1
DA:3,1
DA:8,1
DA:18,1
DA:19,1
LF:6
LH:6
BRF:0
BRH:0
end_of_record
TN:
SF:src\registerServiceWorker.ts
FN:7,(anonymous_0)
FN:13,(anonymous_1)
FN:16,(anonymous_2)
FN:19,(anonymous_3)
FN:22,(anonymous_4)
FN:25,(anonymous_5)
FN:28,(anonymous_6)
FNF:7
FNH:0
FNDA:0,(anonymous_0)
FNDA:0,(anonymous_1)
FNDA:0,(anonymous_2)
FNDA:0,(anonymous_3)
FNDA:0,(anonymous_4)
FNDA:0,(anonymous_5)
FNDA:0,(anonymous_6)
DA:3,0
DA:5,0
DA:6,0
DA:8,0
DA:14,0
DA:17,0
DA:20,0
DA:23,0
DA:26,0
DA:29,0
LF:10
LH:0
BRDA:5,0,0,0
BRF:1
BRH:0
end_of_record
TN:
SF:src\_helpers\auth.header.ts
FN:1,authHeader
FNF:1
FNH:0
FNDA:0,authHeader
DA:1,0
DA:3,0
DA:4,0
DA:6,0
DA:7,0
DA:10,0
LF:6
LH:0
BRDA:6,0,0,0
BRDA:6,1,0,0
BRDA:6,1,1,0
BRF:3
BRH:0
end_of_record
TN:
SF:src\components\CreateRuin.vue
FN:71,(anonymous_2)
FN:97,(anonymous_3)
FN:103,(anonymous_4)
FN:104,(anonymous_5)
FN:112,(anonymous_6)
FN:118,(anonymous_7)
FNF:6
FNH:0
FNDA:0,(anonymous_2)
FNDA:0,(anonymous_3)
FNDA:0,(anonymous_4)
FNDA:0,(anonymous_5)
FNDA:0,(anonymous_6)
FNDA:0,(anonymous_7)
DA:61,1
DA:62,1
DA:63,1
DA:65,1
DA:66,1
DA:67,1
DA:69,1
DA:72,0
DA:97,0
DA:98,0
DA:100,0
DA:101,0
DA:103,0
DA:104,0
DA:105,0
DA:106,0
DA:107,0
DA:108,0
DA:114,0
DA:119,0
DA:121,0
DA:122,0
DA:123,0
LF:23
LH:7
BRF:0
BRH:0
end_of_record
TN:
SF:src\components\HelloWorld.vue
FNF:0
FNH:0
DA:40,0
DA:42,0
LF:2
LH:0
BRF:0
BRH:0
end_of_record
TN:
SF:src\components\Login.vue
FN:46,(anonymous_2)
FN:56,(anonymous_3)
FN:64,(anonymous_4)
FNF:3
FNH:0
FNDA:0,(anonymous_2)
FNDA:0,(anonymous_3)
FNDA:0,(anonymous_4)
DA:41,1
DA:42,1
DA:44,1
DA:47,0
DA:57,0
DA:58,0
DA:60,0
DA:65,0
DA:66,0
DA:67,0
DA:68,0
LF:11
LH:3
BRDA:67,0,0,0
BRDA:67,1,0,0
BRDA:67,1,1,0
BRF:3
BRH:0
end_of_record
TN:
SF:src\components\Register.vue
FN:35,(anonymous_2)
FN:49,(anonymous_3)
FNF:2
FNH:0
FNDA:0,(anonymous_2)
FNDA:0,(anonymous_3)
DA:30,1
DA:31,1
DA:33,1
DA:36,0
DA:50,0
DA:51,0
DA:52,0
DA:53,0
DA:54,0
DA:56,0
LF:10
LH:3
BRDA:52,0,0,0
BRDA:52,0,1,0
BRDA:52,1,0,0
BRDA:52,1,1,0
BRF:4
BRH:0
end_of_record
TN:
SF:src\components\RuinDetail.vue
FN:85,(anonymous_2)
FN:122,(anonymous_3)
FN:126,(anonymous_4)
FN:131,(anonymous_5)
FN:136,(anonymous_6)
FN:151,(anonymous_7)
FN:165,(anonymous_8)
FNF:7
FNH:0
FNDA:0,(anonymous_2)
FNDA:0,(anonymous_3)
FNDA:0,(anonymous_4)
FNDA:0,(anonymous_5)
FNDA:0,(anonymous_6)
FNDA:0,(anonymous_7)
FNDA:0,(anonymous_8)
DA:78,1
DA:79,1
DA:80,1
DA:82,1
DA:86,0
DA:123,0
DA:127,0
DA:128,0
DA:132,0
DA:133,0
DA:137,0
DA:138,0
DA:143,0
DA:145,0
DA:146,0
DA:152,0
DA:153,0
DA:154,0
DA:160,0
DA:161,0
DA:166,0
DA:167,0
DA:168,0
DA:174,0
DA:175,0
DA:176,0
DA:177,0
DA:178,0
LF:28
LH:4
BRDA:139,0,0,0
BRDA:139,0,1,0
BRDA:139,1,0,0
BRDA:139,1,1,0
BRDA:166,2,0,0
BRDA:166,2,1,0
BRDA:166,3,0,0
BRDA:166,3,1,0
BRDA:166,4,0,0
BRDA:166,4,1,0
BRDA:166,5,0,0
BRDA:166,5,1,0
BRDA:169,6,0,0
BRDA:169,6,1,0
BRDA:169,7,0,0
BRDA:169,7,1,0
BRF:16
BRH:0
end_of_record
TN:
SF:src\components\RuinList.vue
FN:25,(anonymous_2)
FN:35,(anonymous_3)
FNF:2
FNH:0
FNDA:0,(anonymous_2)
FNDA:0,(anonymous_3)
DA:19,1
DA:20,1
DA:22,1
DA:26,0
DA:36,0
DA:37,0
LF:6
LH:3
BRF:0
BRH:0
end_of_record
TN:
SF:src\components\UpdateRuin.vue
FN:65,(anonymous_2)
FN:87,(anonymous_3)
FN:103,(anonymous_4)
FNF:3
FNH:3
FNDA:2,(anonymous_2)
FNDA:1,(anonymous_3)
FNDA:2,(anonymous_4)
DA:59,1
DA:60,1
DA:61,1
DA:63,1
DA:66,2
DA:88,1
DA:89,1
DA:91,1
DA:93,1
DA:94,1
DA:104,2
DA:105,2
DA:107,2
DA:109,2
DA:111,2
LF:15
LH:15
BRF:0
BRH:0
end_of_record
TN:
SF:src\components\UserData.vue
FN:50,(anonymous_2)
FN:64,(anonymous_3)
FN:75,(anonymous_4)
FNF:3
FNH:0
FNDA:0,(anonymous_2)
FNDA:0,(anonymous_3)
FNDA:0,(anonymous_4)
DA:44,1
DA:45,1
DA:47,1
DA:51,0
DA:65,0
DA:67,0
DA:68,0
DA:69,0
DA:76,0
DA:77,0
DA:78,0
DA:79,0
DA:81,0
DA:82,0
LF:14
LH:3
BRDA:67,0,0,0
BRDA:77,1,0,0
BRF:2
BRH:0
end_of_record
TN:
SF:src\router\index.ts
FN:54,(anonymous_7)
FN:54,(anonymous_8)
FNF:2
FNH:0
FNDA:0,(anonymous_7)
FNDA:0,(anonymous_8)
DA:1,1
DA:2,1
DA:3,1
DA:4,1
DA:5,1
DA:6,1
DA:7,1
DA:8,1
DA:10,1
DA:54,0
DA:58,1
DA:63,1
DA:64,1
LF:13
LH:12
BRF:0
BRH:0
end_of_record
TN:
SF:src\router\ruins.service.ts
FN:18,getToken
FN:22,updateRuin
FN:31,newCommentOnRuin
FN:40,deleteComment
FN:49,addToFavoritesToggle
FN:56,addToVisitedToggle
FN:64,createNewRuin
FN:78,deleteRuin
FN:86,getAllRuins
FN:91,getRuinDetails
FNF:10
FNH:0
FNDA:0,getToken
FNDA:0,updateRuin
FNDA:0,newCommentOnRuin
FNDA:0,deleteComment
FNDA:0,addToFavoritesToggle
FNDA:0,addToVisitedToggle
FNDA:0,createNewRuin
FNDA:0,deleteRuin
FNDA:0,getAllRuins
FNDA:0,getRuinDetails
DA:1,0
DA:4,0
DA:6,0
DA:19,0
DA:23,0
DA:24,0
DA:32,0
DA:33,0
DA:41,0
DA:42,0
DA:50,0
DA:57,0
DA:65,0
DA:69,0
DA:71,0
DA:79,0
DA:87,0
DA:88,0
DA:92,0
DA:93,0
LF:20
LH:0
BRF:0
BRH:0
end_of_record
TN:
SF:src\router\users.service.ts
FN:14,getToken
FN:18,handleResponse
FN:19,(anonymous_3)
FN:35,register
FN:39,login
FN:44,loginUsingToken
FN:57,logout
FN:61,getData
FNF:8
FNH:0
FNDA:0,getToken
FNDA:0,handleResponse
FNDA:0,(anonymous_3)
FNDA:0,register
FNDA:0,login
FNDA:0,loginUsingToken
FNDA:0,logout
FNDA:0,getData
DA:1,0
DA:4,0
DA:6,0
DA:15,0
DA:19,0
DA:20,0
DA:21,0
DA:22,0
DA:23,0
DA:24,0
DA:27,0
DA:28,0
DA:31,0
DA:36,0
DA:40,0
DA:41,0
DA:45,0
DA:46,0
DA:58,0
DA:62,0
DA:66,0
LF:21
LH:0
BRDA:20,0,0,0
BRDA:20,0,1,0
BRDA:21,1,0,0
BRDA:22,2,0,0
BRDA:27,3,0,0
BRDA:27,3,1,0
BRDA:27,3,2,0
BRF:7
BRH:0
end_of_record
TN:
SF:src\store\account.modules.ts
FN:9,(anonymous_1)
FN:14,(anonymous_2)
FN:22,(anonymous_3)
FN:29,(anonymous_4)
FN:31,(anonymous_5)
FN:35,(anonymous_6)
FN:42,(anonymous_7)
FN:44,(anonymous_8)
FN:49,(anonymous_9)
FN:55,(anonymous_10)
FN:61,(anonymous_11)
FN:66,(anonymous_12)
FN:69,(anonymous_13)
FN:74,(anonymous_14)
FN:83,(anonymous_15)
FN:106,(anonymous_16)
FN:115,(anonymous_17)
FN:121,(anonymous_18)
FN:126,(anonymous_19)
FN:131,(anonymous_20)
FN:138,(anonymous_21)
FN:142,(anonymous_22)
FN:146,(anonymous_23)
FN:153,(anonymous_24)
FN:156,(anonymous_25)
FN:159,(anonymous_26)
FNF:26
FNH:0
FNDA:0,(anonymous_1)
FNDA:0,(anonymous_2)
FNDA:0,(anonymous_3)
FNDA:0,(anonymous_4)
FNDA:0,(anonymous_5)
FNDA:0,(anonymous_6)
FNDA:0,(anonymous_7)
FNDA:0,(anonymous_8)
FNDA:0,(anonymous_9)
FNDA:0,(anonymous_10)
FNDA:0,(anonymous_11)
FNDA:0,(anonymous_12)
FNDA:0,(anonymous_13)
FNDA:0,(anonymous_14)
FNDA:0,(anonymous_15)
FNDA:0,(anonymous_16)
FNDA:0,(anonymous_17)
FNDA:0,(anonymous_18)
FNDA:0,(anonymous_19)
FNDA:0,(anonymous_20)
FNDA:0,(anonymous_21)
FNDA:0,(anonymous_22)
FNDA:0,(anonymous_23)
FNDA:0,(anonymous_24)
FNDA:0,(anonymous_25)
FNDA:0,(anonymous_26)
DA:2,0
DA:3,0
DA:8,0
DA:10,0
DA:11,0
DA:13,0
DA:15,0
DA:16,0
DA:17,0
DA:18,0
DA:19,0
DA:20,0
DA:23,0
DA:24,0
DA:30,0
DA:32,0
DA:33,0
DA:36,0
DA:37,0
DA:43,0
DA:45,0
DA:46,0
DA:50,0
DA:56,0
DA:57,0
DA:58,0
DA:62,0
DA:63,0
DA:65,0
DA:67,0
DA:68,0
DA:69,0
DA:71,0
DA:75,0
DA:76,0
DA:82,0
DA:84,0
DA:86,0
DA:94,0
DA:95,0
DA:96,0
DA:107,0
DA:109,0
DA:110,0
DA:111,0
DA:112,0
DA:116,0
DA:117,0
DA:118,0
DA:122,0
DA:123,0
DA:124,0
DA:127,0
DA:128,0
DA:129,0
DA:132,0
DA:133,0
DA:134,0
DA:135,0
DA:136,0
DA:139,0
DA:140,0
DA:143,0
DA:144,0
DA:147,0
DA:148,0
DA:152,0
DA:154,0
DA:157,0
DA:160,0
DA:164,0
LF:71
LH:0
BRF:0
BRH:0
end_of_record
TN:
SF:src\store\index.ts
FNF:0
FNH:0
DA:1,0
DA:3,0
DA:4,0
DA:6,0
LF:4
LH:0
BRF:0
BRH:0
end_of_record
TN:
SF:src\store\ruins.modules.ts
FN:19,(anonymous_1)
FN:23,(anonymous_2)
FN:28,(anonymous_3)
FN:34,(anonymous_4)
FN:38,(anonymous_5)
FN:42,(anonymous_6)
FN:48,(anonymous_7)
FN:54,(anonymous_8)
FN:59,(anonymous_9)
FN:66,(anonymous_10)
FN:69,(anonymous_11)
FN:76,(anonymous_12)
FN:82,(anonymous_13)
FN:86,(anonymous_14)
FN:91,(anonymous_15)
FN:98,(anonymous_16)
FN:100,(anonymous_17)
FN:104,(anonymous_18)
FN:110,(anonymous_19)
FN:112,(anonymous_20)
FN:116,(anonymous_21)
FN:123,(anonymous_22)
FN:125,(anonymous_23)
FN:129,(anonymous_24)
FN:136,(anonymous_25)
FN:138,(anonymous_26)
FN:143,(anonymous_27)
FN:152,(anonymous_28)
FN:156,(anonymous_29)
FN:160,(anonymous_30)
FN:167,(anonymous_31)
FN:174,(anonymous_32)
FN:178,(anonymous_33)
FN:186,(anonymous_34)
FN:191,(anonymous_35)
FN:197,(anonymous_36)
FN:201,(anonymous_37)
FN:205,(anonymous_38)
FN:209,(anonymous_39)
FN:215,(anonymous_40)
FN:219,(anonymous_41)
FNF:41
FNH:0
FNDA:0,(anonymous_1)
FNDA:0,(anonymous_2)
FNDA:0,(anonymous_3)
FNDA:0,(anonymous_4)
FNDA:0,(anonymous_5)
FNDA:0,(anonymous_6)
FNDA:0,(anonymous_7)
FNDA:0,(anonymous_8)
FNDA:0,(anonymous_9)
FNDA:0,(anonymous_10)
FNDA:0,(anonymous_11)
FNDA:0,(anonymous_12)
FNDA:0,(anonymous_13)
FNDA:0,(anonymous_14)
FNDA:0,(anonymous_15)
FNDA:0,(anonymous_16)
FNDA:0,(anonymous_17)
FNDA:0,(anonymous_18)
FNDA:0,(anonymous_19)
FNDA:0,(anonymous_20)
FNDA:0,(anonymous_21)
FNDA:0,(anonymous_22)
FNDA:0,(anonymous_23)
FNDA:0,(anonymous_24)
FNDA:0,(anonymous_25)
FNDA:0,(anonymous_26)
FNDA:0,(anonymous_27)
FNDA:0,(anonymous_28)
FNDA:0,(anonymous_29)
FNDA:0,(anonymous_30)
FNDA:0,(anonymous_31)
FNDA:0,(anonymous_32)
FNDA:0,(anonymous_33)
FNDA:0,(anonymous_34)
FNDA:0,(anonymous_35)
FNDA:0,(anonymous_36)
FNDA:0,(anonymous_37)
FNDA:0,(anonymous_38)
FNDA:0,(anonymous_39)
FNDA:0,(anonymous_40)
FNDA:0,(anonymous_41)
DA:2,0
DA:3,0
DA:18,0
DA:20,0
DA:22,0
DA:24,0
DA:25,0
DA:29,0
DA:35,0
DA:37,0
DA:39,0
DA:43,0
DA:49,0
DA:51,0
DA:53,0
DA:55,0
DA:56,0
DA:57,0
DA:60,0
DA:61,0
DA:67,0
DA:68,0
DA:70,0
DA:71,0
DA:72,0
DA:77,0
DA:83,0
DA:85,0
DA:87,0
DA:88,0
DA:89,0
DA:92,0
DA:93,0
DA:99,0
DA:101,0
DA:102,0
DA:105,0
DA:111,0
DA:113,0
DA:114,0
DA:117,0
DA:118,0
DA:124,0
DA:126,0
DA:127,0
DA:130,0
DA:131,0
DA:137,0
DA:139,0
DA:140,0
DA:141,0
DA:144,0
DA:145,0
DA:151,0
DA:153,0
DA:157,0
DA:161,0
DA:162,0
DA:163,0
DA:164,0
DA:168,0
DA:170,0
DA:171,0
DA:175,0
DA:176,0
DA:178,0
DA:179,0
DA:180,0
DA:183,0
DA:187,0
DA:188,0
DA:192,0
DA:193,0
DA:194,0
DA:198,0
DA:199,0
DA:202,0
DA:203,0
DA:206,0
DA:210,0
DA:214,0
DA:216,0
DA:217,0
DA:220,0
DA:224,0
LF:85
LH:0
BRF:0
BRH:0
end_of_record
TN:
SF:src\views\HomeView.vue
FNF:0
FNH:0
DA:9,0
DA:10,0
DA:12,0
LF:3
LH:0
BRF:0
BRH:0
end_of_record
